{"/Users/valentinavanu/code/next-apollo-demo/client/components/Card/Card.component.tsx": {"path":"/Users/valentinavanu/code/next-apollo-demo/client/components/Card/Card.component.tsx","statementMap":{"0":{"start":{"line":11,"column":33},"end":{"line":39,"column":1}},"1":{"start":{"line":12,"column":26},"end":{"line":15,"column":4}},"2":{"start":{"line":12,"column":55},"end":{"line":15,"column":3}},"3":{"start":{"line":16,"column":18},"end":{"line":16,"column":29}},"4":{"start":{"line":17,"column":21},"end":{"line":17,"column":43}},"5":{"start":{"line":18,"column":2},"end":{"line":38,"column":3}},"6":{"start":{"line":21,"column":8},"end":{"line":35,"column":9}}},"fnMap":{"0":{"name":"(anonymous_0)","decl":{"start":{"line":11,"column":33},"end":{"line":11,"column":34}},"loc":{"start":{"line":11,"column":39},"end":{"line":39,"column":1}},"line":11},"1":{"name":"(anonymous_1)","decl":{"start":{"line":12,"column":38},"end":{"line":12,"column":39}},"loc":{"start":{"line":12,"column":55},"end":{"line":15,"column":3}},"line":12},"2":{"name":"(anonymous_2)","decl":{"start":{"line":20,"column":22},"end":{"line":20,"column":23}},"loc":{"start":{"line":20,"column":62},"end":{"line":36,"column":7}},"line":20}},"branchMap":{},"s":{"0":1,"1":2,"2":3,"3":2,"4":2,"5":2,"6":0},"f":{"0":2,"1":3,"2":0},"b":{},"_coverageSchema":"1a1c01bbd47fc00a2c39e90264f33305004495a9","hash":"17d39d29b7c4215614bd4c3e684d66407512eaf9"}
,"/Users/valentinavanu/code/next-apollo-demo/client/components/Card/Card.style.ts": {"path":"/Users/valentinavanu/code/next-apollo-demo/client/components/Card/Card.style.ts","statementMap":{"0":{"start":{"line":5,"column":26},"end":{"line":13,"column":1}},"1":{"start":{"line":14,"column":33},"end":{"line":21,"column":1}},"2":{"start":{"line":22,"column":25},"end":{"line":37,"column":2}}},"fnMap":{},"branchMap":{},"s":{"0":1,"1":1,"2":1},"f":{},"b":{},"_coverageSchema":"1a1c01bbd47fc00a2c39e90264f33305004495a9","hash":"baf2860ed3db33333e6a595b69202bf4ecdf6177"}
,"/Users/valentinavanu/code/next-apollo-demo/client/components/Card/index.ts": {"path":"/Users/valentinavanu/code/next-apollo-demo/client/components/Card/index.ts","statementMap":{},"fnMap":{},"branchMap":{},"s":{},"f":{},"b":{},"_coverageSchema":"1a1c01bbd47fc00a2c39e90264f33305004495a9","hash":"216deb74cc78eed8eed6cde1c33a5b52b2e6cebc"}
,"/Users/valentinavanu/code/next-apollo-demo/client/components/Menu/Menu.component.tsx": {"path":"/Users/valentinavanu/code/next-apollo-demo/client/components/Menu/Menu.component.tsx","statementMap":{"0":{"start":{"line":11,"column":13},"end":{"line":61,"column":1}},"1":{"start":{"line":12,"column":30},"end":{"line":12,"column":45}},"2":{"start":{"line":13,"column":16},"end":{"line":13,"column":59}},"3":{"start":{"line":13,"column":45},"end":{"line":13,"column":58}},"4":{"start":{"line":14,"column":29},"end":{"line":14,"column":42}},"5":{"start":{"line":16,"column":16},"end":{"line":28,"column":3}},"6":{"start":{"line":30,"column":33},"end":{"line":36,"column":4}},"7":{"start":{"line":34,"column":24},"end":{"line":34,"column":58}},"8":{"start":{"line":35,"column":20},"end":{"line":35,"column":36}},"9":{"start":{"line":38,"column":19},"end":{"line":41,"column":3}},"10":{"start":{"line":39,"column":4},"end":{"line":39,"column":30}},"11":{"start":{"line":40,"column":4},"end":{"line":40,"column":43}},"12":{"start":{"line":43,"column":2},"end":{"line":60,"column":3}}},"fnMap":{"0":{"name":"(anonymous_0)","decl":{"start":{"line":11,"column":13},"end":{"line":11,"column":14}},"loc":{"start":{"line":11,"column":19},"end":{"line":61,"column":1}},"line":11},"1":{"name":"(anonymous_1)","decl":{"start":{"line":13,"column":28},"end":{"line":13,"column":29}},"loc":{"start":{"line":13,"column":45},"end":{"line":13,"column":58}},"line":13},"2":{"name":"(anonymous_2)","decl":{"start":{"line":34,"column":17},"end":{"line":34,"column":18}},"loc":{"start":{"line":34,"column":24},"end":{"line":34,"column":58}},"line":34},"3":{"name":"(anonymous_3)","decl":{"start":{"line":35,"column":13},"end":{"line":35,"column":14}},"loc":{"start":{"line":35,"column":20},"end":{"line":35,"column":36}},"line":35},"4":{"name":"(anonymous_4)","decl":{"start":{"line":38,"column":19},"end":{"line":38,"column":20}},"loc":{"start":{"line":38,"column":25},"end":{"line":41,"column":3}},"line":38}},"branchMap":{"0":{"loc":{"start":{"line":39,"column":4},"end":{"line":39,"column":30}},"type":"binary-expr","locations":[{"start":{"line":39,"column":4},"end":{"line":39,"column":11}},{"start":{"line":39,"column":15},"end":{"line":39,"column":30}}],"line":39},"1":{"loc":{"start":{"line":45,"column":7},"end":{"line":45,"column":40}},"type":"binary-expr","locations":[{"start":{"line":45,"column":7},"end":{"line":45,"column":14}},{"start":{"line":45,"column":18},"end":{"line":45,"column":40}}],"line":45}},"s":{"0":1,"1":2,"2":2,"3":3,"4":2,"5":2,"6":2,"7":0,"8":1,"9":2,"10":0,"11":0,"12":2},"f":{"0":2,"1":3,"2":0,"3":1,"4":0},"b":{"0":[0,0],"1":[2,1]},"_coverageSchema":"1a1c01bbd47fc00a2c39e90264f33305004495a9","hash":"6aef85a14182114f57692bf6e08a80cb3f2c2348"}
,"/Users/valentinavanu/code/next-apollo-demo/client/components/Menu/Menu.style.ts": {"path":"/Users/valentinavanu/code/next-apollo-demo/client/components/Menu/Menu.style.ts","statementMap":{"0":{"start":{"line":5,"column":29},"end":{"line":10,"column":1}},"1":{"start":{"line":12,"column":28},"end":{"line":17,"column":1}},"2":{"start":{"line":19,"column":25},"end":{"line":28,"column":1}}},"fnMap":{},"branchMap":{},"s":{"0":1,"1":1,"2":1},"f":{},"b":{},"_coverageSchema":"1a1c01bbd47fc00a2c39e90264f33305004495a9","hash":"973e3c483082f5ddc8d15877f26d4a799f5f1155"}
,"/Users/valentinavanu/code/next-apollo-demo/client/store/sapient.action.ts": {"path":"/Users/valentinavanu/code/next-apollo-demo/client/store/sapient.action.ts","statementMap":{"0":{"start":{"line":3,"column":35},"end":{"line":6,"column":2}},"1":{"start":{"line":3,"column":46},"end":{"line":6,"column":1}},"2":{"start":{"line":8,"column":33},"end":{"line":11,"column":2}},"3":{"start":{"line":8,"column":43},"end":{"line":11,"column":1}}},"fnMap":{"0":{"name":"(anonymous_0)","decl":{"start":{"line":3,"column":35},"end":{"line":3,"column":36}},"loc":{"start":{"line":3,"column":46},"end":{"line":6,"column":1}},"line":3},"1":{"name":"(anonymous_1)","decl":{"start":{"line":8,"column":33},"end":{"line":8,"column":34}},"loc":{"start":{"line":8,"column":43},"end":{"line":11,"column":1}},"line":8}},"branchMap":{},"s":{"0":3,"1":2,"2":3,"3":2},"f":{"0":2,"1":2},"b":{},"_coverageSchema":"1a1c01bbd47fc00a2c39e90264f33305004495a9","hash":"57dbaab74abdb83a22ae5edcf32bcf2dff55b2d2"}
,"/Users/valentinavanu/code/next-apollo-demo/client/store/sapient.constant.ts": {"path":"/Users/valentinavanu/code/next-apollo-demo/client/store/sapient.constant.ts","statementMap":{"0":{"start":{"line":1,"column":31},"end":{"line":1,"column":55}},"1":{"start":{"line":2,"column":29},"end":{"line":2,"column":52}}},"fnMap":{},"branchMap":{},"s":{"0":3,"1":3},"f":{},"b":{},"_coverageSchema":"1a1c01bbd47fc00a2c39e90264f33305004495a9","hash":"fb063e6b84a010265b657a29a3cef62129ef3af7"}
,"/Users/valentinavanu/code/next-apollo-demo/client/store/sapient.reducer.ts": {"path":"/Users/valentinavanu/code/next-apollo-demo/client/store/sapient.reducer.ts","statementMap":{"0":{"start":{"line":3,"column":28},"end":{"line":6,"column":1}},"1":{"start":{"line":9,"column":30},"end":{"line":24,"column":1}},"2":{"start":{"line":10,"column":2},"end":{"line":23,"column":3}},"3":{"start":{"line":12,"column":6},"end":{"line":15,"column":7}},"4":{"start":{"line":17,"column":6},"end":{"line":20,"column":7}},"5":{"start":{"line":22,"column":6},"end":{"line":22,"column":18}}},"fnMap":{"0":{"name":"(anonymous_0)","decl":{"start":{"line":9,"column":30},"end":{"line":9,"column":31}},"loc":{"start":{"line":9,"column":64},"end":{"line":24,"column":1}},"line":9}},"branchMap":{"0":{"loc":{"start":{"line":9,"column":31},"end":{"line":9,"column":51}},"type":"default-arg","locations":[{"start":{"line":9,"column":39},"end":{"line":9,"column":51}}],"line":9},"1":{"loc":{"start":{"line":10,"column":2},"end":{"line":23,"column":3}},"type":"switch","locations":[{"start":{"line":11,"column":4},"end":{"line":15,"column":7}},{"start":{"line":16,"column":4},"end":{"line":20,"column":7}},{"start":{"line":21,"column":4},"end":{"line":22,"column":18}}],"line":10}},"s":{"0":1,"1":1,"2":2,"3":1,"4":1,"5":0},"f":{"0":2},"b":{"0":[0],"1":[1,1,0]},"_coverageSchema":"1a1c01bbd47fc00a2c39e90264f33305004495a9","hash":"191a8e018dc90a0e6c938ab008f671dff4bbf685"}
}
