TN:
SF:components/Card/Card.component.tsx
FN:11,(anonymous_0)
FN:12,(anonymous_1)
FN:20,(anonymous_2)
FNF:3
FNH:2
FNDA:2,(anonymous_0)
FNDA:3,(anonymous_1)
FNDA:0,(anonymous_2)
DA:11,1
DA:12,3
DA:16,2
DA:17,2
DA:18,2
DA:21,0
LF:6
LH:5
BRF:0
BRH:0
end_of_record
TN:
SF:components/Card/Card.style.ts
FNF:0
FNH:0
DA:5,1
DA:14,1
DA:22,1
LF:3
LH:3
BRF:0
BRH:0
end_of_record
TN:
SF:components/Card/index.ts
FNF:0
FNH:0
LF:0
LH:0
BRF:0
BRH:0
end_of_record
TN:
SF:components/Menu/Menu.component.tsx
FN:11,(anonymous_0)
FN:13,(anonymous_1)
FN:34,(anonymous_2)
FN:35,(anonymous_3)
FN:38,(anonymous_4)
FNF:5
FNH:3
FNDA:2,(anonymous_0)
FNDA:3,(anonymous_1)
FNDA:0,(anonymous_2)
FNDA:1,(anonymous_3)
FNDA:0,(anonymous_4)
DA:11,1
DA:12,2
DA:13,3
DA:14,2
DA:16,2
DA:30,2
DA:34,0
DA:35,1
DA:38,2
DA:39,0
DA:40,0
DA:43,2
LF:12
LH:9
BRDA:39,0,0,0
BRDA:39,0,1,0
BRDA:45,1,0,2
BRDA:45,1,1,1
BRF:4
BRH:2
end_of_record
TN:
SF:components/Menu/Menu.style.ts
FNF:0
FNH:0
DA:5,1
DA:12,1
DA:19,1
LF:3
LH:3
BRF:0
BRH:0
end_of_record
TN:
SF:store/sapient.action.ts
FN:3,(anonymous_0)
FN:8,(anonymous_1)
FNF:2
FNH:2
FNDA:2,(anonymous_0)
FNDA:2,(anonymous_1)
DA:3,3
DA:8,3
LF:2
LH:2
BRF:0
BRH:0
end_of_record
TN:
SF:store/sapient.constant.ts
FNF:0
FNH:0
DA:1,3
DA:2,3
LF:2
LH:2
BRF:0
BRH:0
end_of_record
TN:
SF:store/sapient.reducer.ts
FN:9,(anonymous_0)
FNF:1
FNH:1
FNDA:2,(anonymous_0)
DA:3,1
DA:9,1
DA:10,2
DA:12,1
DA:17,1
DA:22,0
LF:6
LH:5
BRDA:9,0,0,0
BRDA:10,1,0,1
BRDA:10,1,1,1
BRDA:10,1,2,0
BRF:4
BRH:2
end_of_record
